#
# There is insufficient memory for the Java Runtime Environment to continue.
# Native memory allocation (malloc) failed to allocate 288736 bytes for Chunk::new
# Possible reasons:
#   The system is out of physical RAM or swap space
#   The process is running with CompressedOops enabled, and the Java Heap may be blocking the growth of the native heap
# Possible solutions:
#   Reduce memory load on the system
#   Increase physical memory or swap space
#   Check if swap backing store is full
#   Decrease Java heap size (-Xmx/-Xms)
#   Decrease number of Java threads
#   Decrease Java thread stack sizes (-Xss)
#   Set larger code cache with -XX:ReservedCodeCacheSize=
#   JVM is running with Unscaled Compressed Oops mode in which the Java heap is
#     placed in the first 4GB address space. The Java Heap base address is the
#     maximum limit for the native heap growth. Please use -XX:HeapBaseMinAddress
#     to set the Java Heap base and to place the Java Heap above 4GB virtual address.
# This output file may be truncated or incomplete.
#
#  Out of Memory Error (t:/workspace/open/src/hotspot/share/memory/arena.cpp:198), pid=23272, tid=23448
#
# JRE version: Java(TM) SE Runtime Environment (10.0.2+13) (build 10.0.2+13)
# Java VM: Java HotSpot(TM) 64-Bit Server VM (10.0.2+13, mixed mode, tiered, compressed oops, g1 gc, windows-amd64)
# No core dump will be written. Minidumps are not enabled by default on client versions of Windows
#

---------------  S U M M A R Y ------------

Command Line: jenkins.maven3.agent.Maven35Main C:\Users\emman\.agilitest\tools\apache-maven-3.6.1 C:\Users\emman\.agilitest\work\jenkins\war\WEB-INF\lib\remoting-4.2.1.jar C:\Users\emman\.agilitest\work\jenkins\plugins\maven-plugin\WEB-INF\lib\maven35-interceptor-1.13.jar C:\Users\emman\.agilitest\work\jenkins\plugins\maven-plugin\WEB-INF\lib\maven3-interceptor-commons-1.13.jar 54572

Host: AMD A12-9720P RADEON R7, 12 COMPUTE CORES 4C+8G, 4 cores, 7G,  Windows 10 , 64 bit Build 19041 (10.0.19041.292)
Time: Fri Sep 04 13:00:47 2020 Paris, Madrid (heure d?été) elapsed time: 43 seconds (0d 0h 0m 43s)

---------------  T H R E A D  ---------------

Current thread (0x0000018239b8f000):  JavaThread "C2 CompilerThread0" daemon [_thread_in_native, id=23448, stack(0x0000003a0b800000,0x0000003a0b900000)]


Current CompileTask:
C2:  43137 9310       4       java.util.jar.JarFile::maybeInstantiateVerifier (112 bytes)

Stack: [0x0000003a0b800000,0x0000003a0b900000]
Native frames: (J=compiled Java code, j=interpreted, Vv=VM code, C=native code)
V  [jvm.dll+0x5a01a9]
V  [jvm.dll+0x6bcf31]
V  [jvm.dll+0x6be126]
V  [jvm.dll+0x6be7b3]
V  [jvm.dll+0x234978]
V  [jvm.dll+0xbb69c]
V  [jvm.dll+0xbbbac]
V  [jvm.dll+0x2a68e4]
V  [jvm.dll+0x4bf92a]
V  [jvm.dll+0x201949]
V  [jvm.dll+0x1ff0a1]
V  [jvm.dll+0x17c94b]
V  [jvm.dll+0x20c8dd]
V  [jvm.dll+0x20b6a6]
V  [jvm.dll+0x68b7ff]
V  [jvm.dll+0x59f4b0]
C  [msvcr120.dll+0x24f7f]
C  [msvcr120.dll+0x25126]
C  [KERNEL32.DLL+0x16fd4]
C  [ntdll.dll+0x4cec1]


---------------  P R O C E S S  ---------------

Threads class SMR info:
_java_thread_list=0x000001823b970fa0, length=126, elements={
0x000001821b8fe000, 0x0000018239b24800, 0x0000018239b36000, 0x0000018239b87000,
0x0000018239b88000, 0x0000018239b8f000, 0x0000018239b93800, 0x0000018239b94800,
0x0000018239b95800, 0x000001823a62d000, 0x000001823a632000, 0x000001823b3e6000,
0x000001823a8c8000, 0x000001823b91c000, 0x000001823b025000, 0x000001823b026000,
0x000001823b866000, 0x000001823b5fc000, 0x000001823ae94800, 0x000001823b028800,
0x000001823b6bc000, 0x000001823b6b7000, 0x000001823b6ba800, 0x000001823b6bb800,
0x000001823b6b5000, 0x000001823b6b6000, 0x000001823b6b8800, 0x000001823b6b9000,
0x000001823b6ba000, 0x000001823b6b7800, 0x000001823b1bb000, 0x000001823b1b8800,
0x000001823b1c0800, 0x000001823b1bc800, 0x000001823b1bf000, 0x000001823b1bf800,
0x000001823b1b9800, 0x000001823b1bd000, 0x000001823b1bb800, 0x000001823b1be000,
0x000001823b1c1000, 0x000001823b1ba000, 0x000001823b1c4800, 0x000001823b1c6800,
0x000001823b1c2000, 0x000001823b1c3800, 0x000001823b1c6000, 0x000001823b1c5000,
0x000001823b1c2800, 0x000001823b1c7800, 0x000001823bc52000, 0x000001823bc54800,
0x000001823bc55000, 0x000001823bc53800, 0x000001823bc57800, 0x000001823bc51000,
0x000001823bc59000, 0x000001823bc58000, 0x000001823bc52800, 0x000001823bc5a000,
0x000001823bc5a800, 0x000001823bc56000, 0x000001823bc5c000, 0x000001823bc5d000,
0x000001823bc5b800, 0x000001823bc5d800, 0x000001823bc56800, 0x000001823bc5e800,
0x000001823bc60000, 0x000001823bc5f800, 0x000001823bab6800, 0x000001823bab0800,
0x000001823bab3800, 0x000001823bab8000, 0x000001823bab4000, 0x000001823bab7800,
0x000001823bab1000, 0x000001823bab5000, 0x000001823bab9000, 0x000001823bab6000,
0x000001823bab2000, 0x000001823bab9800, 0x000001823bab2800, 0x000001823babf000,
0x000001823baba800, 0x000001823babe800, 0x000001823babc000, 0x000001823babb800,
0x000001823babd000, 0x000001823babd800, 0x000001823bc8d000, 0x000001823bc89800,
0x000001823bc86800, 0x000001823bc8d800, 0x000001823bc88000, 0x000001823bc8e800,
0x000001823bc89000, 0x000001823bc8a800, 0x000001823bc8b800, 0x000001823bc8c000,
0x000001823bc87800, 0x000001823bc94800, 0x000001823bc8f000, 0x000001823bc95800,
0x000001823bc93000, 0x000001823bc90000, 0x000001823bc91000, 0x000001823bc94000,
0x000001823bc91800, 0x000001823bc92800, 0x000001823bf27800, 0x000001823bf26000,
0x000001823bf2e000, 0x000001823bf29800, 0x000001823bf27000, 0x000001823bf2a000,
0x000001823bf2b000, 0x000001823bf2b800, 0x000001823bf2f000, 0x000001823bf2f800,
0x000001823bf2c800, 0x000001823bf2d000, 0x000001823bf28800, 0x000001823bf30800,
0x000001823bf32000, 0x000001823bf32800
}

Java Threads: ( => current thread )
  0x000001821b8fe000 JavaThread "main" [_thread_blocked, id=27408, stack(0x0000003a0a700000,0x0000003a0a800000)]
  0x0000018239b24800 JavaThread "Reference Handler" daemon [_thread_blocked, id=6872, stack(0x0000003a0b400000,0x0000003a0b500000)]
  0x0000018239b36000 JavaThread "Finalizer" daemon [_thread_blocked, id=9396, stack(0x0000003a0b500000,0x0000003a0b600000)]
  0x0000018239b87000 JavaThread "Signal Dispatcher" daemon [_thread_blocked, id=26856, stack(0x0000003a0b600000,0x0000003a0b700000)]
  0x0000018239b88000 JavaThread "Attach Listener" daemon [_thread_blocked, id=25192, stack(0x0000003a0b700000,0x0000003a0b800000)]
=>0x0000018239b8f000 JavaThread "C2 CompilerThread0" daemon [_thread_in_native, id=23448, stack(0x0000003a0b800000,0x0000003a0b900000)]
  0x0000018239b93800 JavaThread "C2 CompilerThread1" daemon [_thread_blocked, id=17964, stack(0x0000003a0b900000,0x0000003a0ba00000)]
  0x0000018239b94800 JavaThread "C1 CompilerThread2" daemon [_thread_blocked, id=27616, stack(0x0000003a0ba00000,0x0000003a0bb00000)]
  0x0000018239b95800 JavaThread "Sweeper thread" daemon [_thread_blocked, id=14356, stack(0x0000003a0bb00000,0x0000003a0bc00000)]
  0x000001823a62d000 JavaThread "Service Thread" daemon [_thread_blocked, id=1552, stack(0x0000003a0bc00000,0x0000003a0bd00000)]
  0x000001823a632000 JavaThread "Common-Cleaner" daemon [_thread_blocked, id=26936, stack(0x0000003a0bd00000,0x0000003a0be00000)]
  0x000001823b3e6000 JavaThread "RemoteInvocationHandler [#1]" daemon [_thread_blocked, id=12920, stack(0x0000003a0bf00000,0x0000003a0c000000)]
  0x000001823a8c8000 JavaThread "Channel reader thread: channel" [_thread_in_native, id=26972, stack(0x0000003a0c000000,0x0000003a0c100000)]
  0x000001823b91c000 JavaThread "pool-1-thread-1" [_thread_blocked, id=25992, stack(0x0000003a0c100000,0x0000003a0c200000)]
  0x000001823b025000 JavaThread "pool-1-thread-2" [_thread_blocked, id=24968, stack(0x0000003a0c200000,0x0000003a0c300000)]
  0x000001823b026000 JavaThread "pool-1-thread-3" [_thread_blocked, id=26864, stack(0x0000003a0c300000,0x0000003a0c400000)]
  0x000001823b866000 JavaThread "pool-1-thread-4" [_thread_blocked, id=25840, stack(0x0000003a0c400000,0x0000003a0c500000)]
  0x000001823b5fc000 JavaThread "pool-1-thread-5" [_thread_blocked, id=22668, stack(0x0000003a0c500000,0x0000003a0c600000)]
  0x000001823ae94800 JavaThread "pool-1-thread-6" [_thread_blocked, id=27456, stack(0x0000003a0c600000,0x0000003a0c700000)]
  0x000001823b028800 JavaThread "pool-1-thread-7 for channel id=277" [_thread_in_native, id=27292, stack(0x0000003a0c700000,0x0000003a0c800000)]
  0x000001823b6bc000 JavaThread "pool-1-thread-8" [_thread_blocked, id=27428, stack(0x0000003a0c800000,0x0000003a0c900000)]
  0x000001823b6b7000 JavaThread "pool-1-thread-9" [_thread_blocked, id=26904, stack(0x0000003a0c900000,0x0000003a0ca00000)]
  0x000001823b6ba800 JavaThread "pool-1-thread-10" [_thread_blocked, id=25616, stack(0x0000003a0ca00000,0x0000003a0cb00000)]
  0x000001823b6bb800 JavaThread "pool-1-thread-11" [_thread_blocked, id=7736, stack(0x0000003a0cb00000,0x0000003a0cc00000)]
  0x000001823b6b5000 JavaThread "pool-1-thread-12" [_thread_blocked, id=18732, stack(0x0000003a0cc00000,0x0000003a0cd00000)]
  0x000001823b6b6000 JavaThread "pool-1-thread-13" [_thread_blocked, id=23464, stack(0x0000003a0cd00000,0x0000003a0ce00000)]
  0x000001823b6b8800 JavaThread "pool-1-thread-14" [_thread_blocked, id=21516, stack(0x0000003a0ce00000,0x0000003a0cf00000)]
  0x000001823b6b9000 JavaThread "pool-1-thread-15" [_thread_blocked, id=16836, stack(0x0000003a0cf00000,0x0000003a0d000000)]
  0x000001823b6ba000 JavaThread "pool-1-thread-16" [_thread_blocked, id=17680, stack(0x0000003a0d000000,0x0000003a0d100000)]
  0x000001823b6b7800 JavaThread "pool-1-thread-17" [_thread_blocked, id=20416, stack(0x0000003a0d100000,0x0000003a0d200000)]
  0x000001823b1bb000 JavaThread "pool-1-thread-18" [_thread_blocked, id=21032, stack(0x0000003a0d200000,0x0000003a0d300000)]
  0x000001823b1b8800 JavaThread "pool-1-thread-19" [_thread_blocked, id=22968, stack(0x0000003a0d300000,0x0000003a0d400000)]
  0x000001823b1c0800 JavaThread "pool-1-thread-20" [_thread_blocked, id=25936, stack(0x0000003a0d400000,0x0000003a0d500000)]
  0x000001823b1bc800 JavaThread "pool-1-thread-21" [_thread_blocked, id=26240, stack(0x0000003a0d500000,0x0000003a0d600000)]
  0x000001823b1bf000 JavaThread "pool-1-thread-22" [_thread_blocked, id=12696, stack(0x0000003a0d600000,0x0000003a0d700000)]
  0x000001823b1bf800 JavaThread "pool-1-thread-23" [_thread_blocked, id=22472, stack(0x0000003a0d700000,0x0000003a0d800000)]
  0x000001823b1b9800 JavaThread "pool-1-thread-24" [_thread_blocked, id=24280, stack(0x0000003a0d800000,0x0000003a0d900000)]
  0x000001823b1bd000 JavaThread "pool-1-thread-25" [_thread_blocked, id=26964, stack(0x0000003a0d900000,0x0000003a0da00000)]
  0x000001823b1bb800 JavaThread "pool-1-thread-26" [_thread_blocked, id=27420, stack(0x0000003a0da00000,0x0000003a0db00000)]
  0x000001823b1be000 JavaThread "pool-1-thread-27" [_thread_blocked, id=25748, stack(0x0000003a0db00000,0x0000003a0dc00000)]
  0x000001823b1c1000 JavaThread "pool-1-thread-28" [_thread_blocked, id=25848, stack(0x0000003a0dc00000,0x0000003a0dd00000)]
  0x000001823b1ba000 JavaThread "pool-1-thread-29" [_thread_blocked, id=21828, stack(0x0000003a0dd00000,0x0000003a0de00000)]
  0x000001823b1c4800 JavaThread "pool-1-thread-30" [_thread_blocked, id=1204, stack(0x0000003a0de00000,0x0000003a0df00000)]
  0x000001823b1c6800 JavaThread "pool-1-thread-31" [_thread_blocked, id=20308, stack(0x0000003a0df00000,0x0000003a0e000000)]
  0x000001823b1c2000 JavaThread "pool-1-thread-32" [_thread_blocked, id=24032, stack(0x0000003a0e000000,0x0000003a0e100000)]
  0x000001823b1c3800 JavaThread "pool-1-thread-33" [_thread_blocked, id=3992, stack(0x0000003a0e100000,0x0000003a0e200000)]
  0x000001823b1c6000 JavaThread "pool-1-thread-34" [_thread_blocked, id=6392, stack(0x0000003a0e200000,0x0000003a0e300000)]
  0x000001823b1c5000 JavaThread "pool-1-thread-35" [_thread_blocked, id=23048, stack(0x0000003a0e300000,0x0000003a0e400000)]
  0x000001823b1c2800 JavaThread "pool-1-thread-36" [_thread_blocked, id=14552, stack(0x0000003a0e400000,0x0000003a0e500000)]
  0x000001823b1c7800 JavaThread "pool-1-thread-37" [_thread_blocked, id=27148, stack(0x0000003a0e500000,0x0000003a0e600000)]
  0x000001823bc52000 JavaThread "pool-1-thread-38" [_thread_blocked, id=25368, stack(0x0000003a0e600000,0x0000003a0e700000)]
  0x000001823bc54800 JavaThread "pool-1-thread-39" [_thread_blocked, id=19596, stack(0x0000003a0e700000,0x0000003a0e800000)]
  0x000001823bc55000 JavaThread "pool-1-thread-40" [_thread_blocked, id=18192, stack(0x0000003a0e800000,0x0000003a0e900000)]
  0x000001823bc53800 JavaThread "pool-1-thread-41" [_thread_blocked, id=21972, stack(0x0000003a0e900000,0x0000003a0ea00000)]
  0x000001823bc57800 JavaThread "pool-1-thread-42" [_thread_blocked, id=26888, stack(0x0000003a0ea00000,0x0000003a0eb00000)]
  0x000001823bc51000 JavaThread "pool-1-thread-43" [_thread_blocked, id=10976, stack(0x0000003a0eb00000,0x0000003a0ec00000)]
  0x000001823bc59000 JavaThread "pool-1-thread-44" [_thread_blocked, id=25208, stack(0x0000003a0ec00000,0x0000003a0ed00000)]
  0x000001823bc58000 JavaThread "pool-1-thread-45" [_thread_blocked, id=18440, stack(0x0000003a0ed00000,0x0000003a0ee00000)]
  0x000001823bc52800 JavaThread "pool-1-thread-46" [_thread_blocked, id=25248, stack(0x0000003a0ee00000,0x0000003a0ef00000)]
  0x000001823bc5a000 JavaThread "pool-1-thread-47" [_thread_blocked, id=27360, stack(0x0000003a0ef00000,0x0000003a0f000000)]
  0x000001823bc5a800 JavaThread "pool-1-thread-48" [_thread_blocked, id=25444, stack(0x0000003a0f000000,0x0000003a0f100000)]
  0x000001823bc56000 JavaThread "pool-1-thread-49" [_thread_blocked, id=9592, stack(0x0000003a0f100000,0x0000003a0f200000)]
  0x000001823bc5c000 JavaThread "pool-1-thread-50" [_thread_blocked, id=25156, stack(0x0000003a0f200000,0x0000003a0f300000)]
  0x000001823bc5d000 JavaThread "pool-1-thread-51" [_thread_blocked, id=10340, stack(0x0000003a0f300000,0x0000003a0f400000)]
  0x000001823bc5b800 JavaThread "pool-1-thread-52" [_thread_blocked, id=23052, stack(0x0000003a0f400000,0x0000003a0f500000)]
  0x000001823bc5d800 JavaThread "pool-1-thread-53" [_thread_blocked, id=22044, stack(0x0000003a0f500000,0x0000003a0f600000)]
  0x000001823bc56800 JavaThread "pool-1-thread-54" [_thread_blocked, id=16660, stack(0x0000003a0f600000,0x0000003a0f700000)]
  0x000001823bc5e800 JavaThread "pool-1-thread-55" [_thread_blocked, id=26992, stack(0x0000003a0f700000,0x0000003a0f800000)]
  0x000001823bc60000 JavaThread "pool-1-thread-56" [_thread_blocked, id=25768, stack(0x0000003a0f800000,0x0000003a0f900000)]
  0x000001823bc5f800 JavaThread "pool-1-thread-57" [_thread_blocked, id=27612, stack(0x0000003a0f900000,0x0000003a0fa00000)]
  0x000001823bab6800 JavaThread "pool-1-thread-58" [_thread_blocked, id=27444, stack(0x0000003a0fa00000,0x0000003a0fb00000)]
  0x000001823bab0800 JavaThread "pool-1-thread-59" [_thread_blocked, id=22168, stack(0x0000003a0fb00000,0x0000003a0fc00000)]
  0x000001823bab3800 JavaThread "pool-1-thread-60" [_thread_blocked, id=21272, stack(0x0000003a0fc00000,0x0000003a0fd00000)]
  0x000001823bab8000 JavaThread "pool-1-thread-61" [_thread_blocked, id=27144, stack(0x0000003a0fd00000,0x0000003a0fe00000)]
  0x000001823bab4000 JavaThread "pool-1-thread-62" [_thread_blocked, id=25420, stack(0x0000003a0fe00000,0x0000003a0ff00000)]
  0x000001823bab7800 JavaThread "pool-1-thread-63" [_thread_blocked, id=26812, stack(0x0000003a0ff00000,0x0000003a10000000)]
  0x000001823bab1000 JavaThread "pool-1-thread-64" [_thread_blocked, id=26432, stack(0x0000003a10000000,0x0000003a10100000)]
  0x000001823bab5000 JavaThread "pool-1-thread-65" [_thread_blocked, id=26208, stack(0x0000003a10100000,0x0000003a10200000)]
  0x000001823bab9000 JavaThread "pool-1-thread-66" [_thread_blocked, id=19648, stack(0x0000003a10200000,0x0000003a10300000)]
  0x000001823bab6000 JavaThread "pool-1-thread-67" [_thread_blocked, id=20236, stack(0x0000003a10300000,0x0000003a10400000)]
  0x000001823bab2000 JavaThread "pool-1-thread-68" [_thread_blocked, id=23268, stack(0x0000003a10400000,0x0000003a10500000)]
  0x000001823bab9800 JavaThread "pool-1-thread-69" [_thread_blocked, id=22176, stack(0x0000003a10500000,0x0000003a10600000)]
  0x000001823bab2800 JavaThread "pool-1-thread-70" [_thread_blocked, id=15468, stack(0x0000003a10600000,0x0000003a10700000)]
  0x000001823babf000 JavaThread "pool-1-thread-71" [_thread_blocked, id=18904, stack(0x0000003a10700000,0x0000003a10800000)]
  0x000001823baba800 JavaThread "pool-1-thread-72" [_thread_blocked, id=23376, stack(0x0000003a10800000,0x0000003a10900000)]
  0x000001823babe800 JavaThread "pool-1-thread-73" [_thread_blocked, id=4564, stack(0x0000003a10900000,0x0000003a10a00000)]
  0x000001823babc000 JavaThread "pool-1-thread-74" [_thread_blocked, id=19768, stack(0x0000003a10a00000,0x0000003a10b00000)]
  0x000001823babb800 JavaThread "pool-1-thread-75" [_thread_blocked, id=26564, stack(0x0000003a10b00000,0x0000003a10c00000)]
  0x000001823babd000 JavaThread "pool-1-thread-76" [_thread_blocked, id=24712, stack(0x0000003a10c00000,0x0000003a10d00000)]
  0x000001823babd800 JavaThread "pool-1-thread-77" [_thread_blocked, id=26680, stack(0x0000003a10d00000,0x0000003a10e00000)]
  0x000001823bc8d000 JavaThread "pool-1-thread-78" [_thread_blocked, id=24156, stack(0x0000003a10e00000,0x0000003a10f00000)]
  0x000001823bc89800 JavaThread "pool-1-thread-79" [_thread_blocked, id=24528, stack(0x0000003a10f00000,0x0000003a11000000)]
  0x000001823bc86800 JavaThread "pool-1-thread-80" [_thread_blocked, id=26548, stack(0x0000003a11000000,0x0000003a11100000)]
  0x000001823bc8d800 JavaThread "pool-1-thread-81" [_thread_blocked, id=21108, stack(0x0000003a11100000,0x0000003a11200000)]
  0x000001823bc88000 JavaThread "pool-1-thread-82" [_thread_blocked, id=3980, stack(0x0000003a11200000,0x0000003a11300000)]
  0x000001823bc8e800 JavaThread "pool-1-thread-83" [_thread_blocked, id=24168, stack(0x0000003a11300000,0x0000003a11400000)]
  0x000001823bc89000 JavaThread "pool-1-thread-84" [_thread_blocked, id=23880, stack(0x0000003a11400000,0x0000003a11500000)]
  0x000001823bc8a800 JavaThread "pool-1-thread-85" [_thread_blocked, id=1236, stack(0x0000003a11500000,0x0000003a11600000)]
  0x000001823bc8b800 JavaThread "pool-1-thread-86" [_thread_blocked, id=25548, stack(0x0000003a11600000,0x0000003a11700000)]
  0x000001823bc8c000 JavaThread "pool-1-thread-87" [_thread_blocked, id=26872, stack(0x0000003a11700000,0x0000003a11800000)]
  0x000001823bc87800 JavaThread "pool-1-thread-88" [_thread_blocked, id=23196, stack(0x0000003a11800000,0x0000003a11900000)]
  0x000001823bc94800 JavaThread "pool-1-thread-89" [_thread_blocked, id=23684, stack(0x0000003a11900000,0x0000003a11a00000)]
  0x000001823bc8f000 JavaThread "pool-1-thread-90" [_thread_blocked, id=24632, stack(0x0000003a11a00000,0x0000003a11b00000)]
  0x000001823bc95800 JavaThread "pool-1-thread-91" [_thread_blocked, id=9048, stack(0x0000003a11b00000,0x0000003a11c00000)]
  0x000001823bc93000 JavaThread "pool-1-thread-92" [_thread_blocked, id=22988, stack(0x0000003a11c00000,0x0000003a11d00000)]
  0x000001823bc90000 JavaThread "pool-1-thread-93" [_thread_blocked, id=19396, stack(0x0000003a11d00000,0x0000003a11e00000)]
  0x000001823bc91000 JavaThread "pool-1-thread-94" [_thread_blocked, id=17204, stack(0x0000003a11e00000,0x0000003a11f00000)]
  0x000001823bc94000 JavaThread "pool-1-thread-95" [_thread_blocked, id=24956, stack(0x0000003a11f00000,0x0000003a12000000)]
  0x000001823bc91800 JavaThread "pool-1-thread-96" [_thread_blocked, id=13000, stack(0x0000003a12000000,0x0000003a12100000)]
  0x000001823bc92800 JavaThread "pool-1-thread-97" [_thread_blocked, id=15624, stack(0x0000003a12100000,0x0000003a12200000)]
  0x000001823bf27800 JavaThread "pool-1-thread-98" [_thread_blocked, id=27424, stack(0x0000003a12200000,0x0000003a12300000)]
  0x000001823bf26000 JavaThread "pool-1-thread-99" [_thread_blocked, id=21860, stack(0x0000003a12300000,0x0000003a12400000)]
  0x000001823bf2e000 JavaThread "ForkJoinPool.commonPool-worker-1" daemon [_thread_blocked, id=27576, stack(0x0000003a12500000,0x0000003a12600000)]
  0x000001823bf29800 JavaThread "ForkJoinPool.commonPool-worker-2" daemon [_thread_blocked, id=24884, stack(0x0000003a12600000,0x0000003a12700000)]
  0x000001823bf27000 JavaThread "ForkJoinPool.commonPool-worker-3" daemon [_thread_blocked, id=26488, stack(0x0000003a12700000,0x0000003a12800000)]
  0x000001823bf2a000 JavaThread "resolver-1" daemon [_thread_blocked, id=26800, stack(0x0000003a12400000,0x0000003a12500000)]
  0x000001823bf2b000 JavaThread "resolver-2" daemon [_thread_blocked, id=26384, stack(0x0000003a12800000,0x0000003a12900000)]
  0x000001823bf2b800 JavaThread "resolver-3" daemon [_thread_blocked, id=27088, stack(0x0000003a12900000,0x0000003a12a00000)]
  0x000001823bf2f000 JavaThread "resolver-4" daemon [_thread_blocked, id=23424, stack(0x0000003a12a00000,0x0000003a12b00000)]
  0x000001823bf2f800 JavaThread "resolver-5" daemon [_thread_blocked, id=16364, stack(0x0000003a12b00000,0x0000003a12c00000)]
  0x000001823bf2c800 JavaThread "timeout-check-timer" daemon [_thread_blocked, id=17820, stack(0x0000003a12c00000,0x0000003a12d00000)]
  0x000001823bf2d000 JavaThread "ping-timer-10s" daemon [_thread_blocked, id=20848, stack(0x0000003a12d00000,0x0000003a12e00000)]
  0x000001823bf28800 JavaThread "ThreadedStreamConsumer" daemon [_thread_in_vm, id=22880, stack(0x0000003a12e00000,0x0000003a12f00000)]
  0x000001823bf30800 JavaThread "Thread-2" [_thread_blocked, id=20608, stack(0x0000003a12f00000,0x0000003a13000000)]
  0x000001823bf32000 JavaThread "Thread-3" [_thread_in_native, id=4112, stack(0x0000003a13000000,0x0000003a13100000)]
  0x000001823bf32800 JavaThread "Thread-4" [_thread_in_native, id=21604, stack(0x0000003a13100000,0x0000003a13200000)]

Other Threads:
  0x0000018239b22800 VMThread "VM Thread" [stack: 0x0000003a0b300000,0x0000003a0b400000] [id=17360]
  0x000001823a632800 WatcherThread [stack: 0x0000003a0be00000,0x0000003a0bf00000] [id=23936]
  0x000001821b919000 GCTaskThread "GC Thread#0" [stack: 0x0000003a0a800000,0x0000003a0a900000] [id=27192]
  0x000001821b91a800 GCTaskThread "GC Thread#1" [stack: 0x0000003a0a900000,0x0000003a0aa00000] [id=27120]
  0x000001821b91c000 GCTaskThread "GC Thread#2" [stack: 0x0000003a0aa00000,0x0000003a0ab00000] [id=26568]
  0x000001821b91e800 GCTaskThread "GC Thread#3" [stack: 0x0000003a0ab00000,0x0000003a0ac00000] [id=26596]
  0x000001821b987800 ConcurrentGCThread "G1 Main Marker" [stack: 0x0000003a0ac00000,0x0000003a0ad00000] [id=19884]
  0x000001821b989800 ConcurrentGCThread "G1 Conc#0" [stack: 0x0000003a0ad00000,0x0000003a0ae00000] [id=25804]
  0x000001821b9ed800 ConcurrentGCThread "G1 Refine#0" [stack: 0x0000003a0ae00000,0x0000003a0af00000] [id=27248]
  0x00000182399b2800 ConcurrentGCThread "G1 Refine#1" [stack: 0x0000003a0af00000,0x0000003a0b000000] [id=12384]
  0x00000182399b3000 ConcurrentGCThread "G1 Refine#2" [stack: 0x0000003a0b000000,0x0000003a0b100000] [id=19744]
  0x00000182399b4000 ConcurrentGCThread "G1 Refine#3" [stack: 0x0000003a0b100000,0x0000003a0b200000] [id=27020]
  0x00000182399b7000 ConcurrentGCThread "G1 Young RemSet Sampling" [stack: 0x0000003a0b200000,0x0000003a0b300000] [id=18768]

Threads with active compile tasks:
C2 CompilerThread09310       4       java.util.jar.JarFile::maybeInstantiateVerifier (112 bytes)
C2 CompilerThread19312       4       org.codehaus.plexus.classworlds.realm.Entry::matches (282 bytes)

VM state:not at safepoint (normal execution)

VM Mutex/Monitor currently owned by a thread: None

Heap address: 0x0000000088c00000, size: 1908 MB, Compressed Oops mode: 32-bit
Narrow klass base: 0x0000000000000000, Narrow klass shift: 3
Compressed class space size: 1073741824 Address: 0x0000000100000000

Heap:
 garbage-first heap   total 147456K, used 103960K [0x0000000088c00000, 0x0000000100000000)
  region size 1024K, 55 young (56320K), 4 survivors (4096K)
 Metaspace       used 44240K, capacity 45606K, committed 46000K, reserved 1089536K
  class space    used 4387K, capacity 4907K, committed 5040K, reserved 1048576K
Heap Regions: E=young(eden), S=young(survivor), O=old, HS=humongous(starts), HC=humongous(continues), CS=collection set, F=free, A=archive, TS=gc time stamp, AC=allocation context, TAMS=top-at-mark-start (previous, next)
|   0|0x0000000088c00000, 0x0000000088d00000, 0x0000000088d00000|100%| O|  |TS  0|AC  0|TAMS 0x0000000088d00000, 0x0000000088d00000|
|   1|0x0000000088d00000, 0x0000000088e00000, 0x0000000088e00000|100%| O|  |TS  0|AC  0|TAMS 0x0000000088e00000, 0x0000000088e00000|
|   2|0x0000000088e00000, 0x0000000088f00000, 0x0000000088f00000|100%|HS|  |TS  0|AC  0|TAMS 0x0000000088f00000, 0x0000000088f00000|
|   3|0x0000000088f00000, 0x0000000089000000, 0x0000000089000000|100%|HC|  |TS  0|AC  0|TAMS 0x0000000089000000, 0x0000000089000000|
|   4|0x0000000089000000, 0x0000000089100000, 0x0000000089100000|100%|HS|  |TS  0|AC  0|TAMS 0x0000000089100000, 0x0000000089100000|
|   5|0x0000000089100000, 0x0000000089200000, 0x0000000089200000|100%|HC|  |TS  0|AC  0|TAMS 0x0000000089200000, 0x0000000089200000|
|   6|0x0000000089200000, 0x0000000089300000, 0x0000000089300000|100%| O|  |TS  0|AC  0|TAMS 0x0000000089300000, 0x0000000089300000|
|   7|0x0000000089300000, 0x0000000089400000, 0x0000000089400000|100%| O|  |TS  0|AC  0|TAMS 0x0000000089400000, 0x0000000089400000|
|   8|0x0000000089400000, 0x0000000089500000, 0x0000000089500000|100%| O|  |TS  0|AC  0|TAMS 0x0000000089500000, 0x0000000089500000|
|   9|0x0000000089500000, 0x0000000089600000, 0x0000000089600000|100%| O|  |TS  0|AC  0|TAMS 0x0000000089600000, 0x0000000089600000|
|  10|0x0000000089600000, 0x0000000089700000, 0x0000000089700000|100%| O|  |TS  0|AC  0|TAMS 0x0000000089700000, 0x0000000089700000|
|  11|0x0000000089700000, 0x0000000089800000, 0x0000000089800000|100%| O|  |TS  0|AC  0|TAMS 0x0000000089800000, 0x0000000089800000|
|  12|0x0000000089800000, 0x0000000089900000, 0x0000000089900000|100%| O|  |TS  0|AC  0|TAMS 0x0000000089900000, 0x0000000089900000|
|  13|0x0000000089900000, 0x0000000089a00000, 0x0000000089a00000|100%| O|  |TS  0|AC  0|TAMS 0x0000000089a00000, 0x0000000089a00000|
|  14|0x0000000089a00000, 0x0000000089b00000, 0x0000000089b00000|100%| O|  |TS  0|AC  0|TAMS 0x0000000089b00000, 0x0000000089b00000|
|  15|0x0000000089b00000, 0x0000000089c00000, 0x0000000089c00000|100%| O|  |TS  0|AC  0|TAMS 0x0000000089c00000, 0x0000000089c00000|
|  16|0x0000000089c00000, 0x0000000089d00000, 0x0000000089d00000|100%| O|  |TS  0|AC  0|TAMS 0x0000000089d00000, 0x0000000089d00000|
|  17|0x0000000089d00000, 0x0000000089e00000, 0x0000000089e00000|100%| O|  |TS  0|AC  0|TAMS 0x0000000089e00000, 0x0000000089e00000|
|  18|0x0000000089e00000, 0x0000000089f00000, 0x0000000089f00000|100%| O|  |TS  0|AC  0|TAMS 0x0000000089f00000, 0x0000000089f00000|
|  19|0x0000000089f00000, 0x000000008a000000, 0x000000008a000000|100%| O|  |TS  0|AC  0|TAMS 0x000000008a000000, 0x000000008a000000|
|  20|0x000000008a000000, 0x000000008a100000, 0x000000008a100000|100%| O|  |TS  0|AC  0|TAMS 0x000000008a100000, 0x000000008a100000|
|  21|0x000000008a100000, 0x000000008a200000, 0x000000008a200000|100%| O|  |TS  0|AC  0|TAMS 0x000000008a200000, 0x000000008a200000|
|  22|0x000000008a200000, 0x000000008a300000, 0x000000008a300000|100%| O|  |TS  0|AC  0|TAMS 0x000000008a300000, 0x000000008a300000|
|  23|0x000000008a300000, 0x000000008a400000, 0x000000008a400000|100%| O|  |TS  1|AC  0|TAMS 0x000000008a389c00, 0x000000008a389c00|
|  24|0x000000008a400000, 0x000000008a500000, 0x000000008a500000|100%| O|  |TS  2|AC  0|TAMS 0x000000008a400000, 0x000000008a400000|
|  25|0x000000008a500000, 0x000000008a600000, 0x000000008a600000|100%| O|  |TS  2|AC  0|TAMS 0x000000008a500000, 0x000000008a500000|
|  26|0x000000008a600000, 0x000000008a700000, 0x000000008a700000|100%| O|  |TS  2|AC  0|TAMS 0x000000008a600000, 0x000000008a600000|
|  27|0x000000008a700000, 0x000000008a800000, 0x000000008a800000|100%| O|  |TS  2|AC  0|TAMS 0x000000008a700000, 0x000000008a700000|
|  28|0x000000008a800000, 0x000000008a900000, 0x000000008a900000|100%| O|  |TS  2|AC  0|TAMS 0x000000008a800000, 0x000000008a800000|
|  29|0x000000008a900000, 0x000000008aa00000, 0x000000008aa00000|100%| O|  |TS  2|AC  0|TAMS 0x000000008a900000, 0x000000008a900000|
|  30|0x000000008aa00000, 0x000000008ab00000, 0x000000008ab00000|100%| O|  |TS  2|AC  0|TAMS 0x000000008aa00000, 0x000000008aa00000|
|  31|0x000000008ab00000, 0x000000008ac00000, 0x000000008ac00000|100%| O|  |TS  2|AC  0|TAMS 0x000000008ab00000, 0x000000008ab00000|
|  32|0x000000008ac00000, 0x000000008ad00000, 0x000000008ad00000|100%| O|  |TS  1|AC  0|TAMS 0x000000008ac00000, 0x000000008ac00000|
|  33|0x000000008ad00000, 0x000000008ae00000, 0x000000008ae00000|100%| O|  |TS  1|AC  0|TAMS 0x000000008ad00000, 0x000000008ad00000|
|  34|0x000000008ae00000, 0x000000008af00000, 0x000000008af00000|100%| O|  |TS  1|AC  0|TAMS 0x000000008ae00000, 0x000000008ae00000|
|  35|0x000000008af00000, 0x000000008b000000, 0x000000008b000000|100%| O|  |TS  1|AC  0|TAMS 0x000000008af00000, 0x000000008af00000|
|  36|0x000000008b000000, 0x000000008b100000, 0x000000008b100000|100%| O|  |TS  1|AC  0|TAMS 0x000000008b000000, 0x000000008b000000|
|  37|0x000000008b100000, 0x000000008b200000, 0x000000008b200000|100%| O|  |TS  1|AC  0|TAMS 0x000000008b100000, 0x000000008b100000|
|  38|0x000000008b200000, 0x000000008b300000, 0x000000008b300000|100%| O|  |TS  1|AC  0|TAMS 0x000000008b200000, 0x000000008b200000|
|  39|0x000000008b300000, 0x000000008b400000, 0x000000008b400000|100%| O|  |TS  1|AC  0|TAMS 0x000000008b300000, 0x000000008b300000|
|  40|0x000000008b400000, 0x000000008b500000, 0x000000008b500000|100%| O|  |TS  2|AC  0|TAMS 0x000000008b400000, 0x000000008b400000|
|  41|0x000000008b500000, 0x000000008b600000, 0x000000008b600000|100%| O|  |TS  3|AC  0|TAMS 0x000000008b500000, 0x000000008b500000|
|  42|0x000000008b600000, 0x000000008b700000, 0x000000008b700000|100%| O|  |TS  3|AC  0|TAMS 0x000000008b600000, 0x000000008b600000|
|  43|0x000000008b700000, 0x000000008b800000, 0x000000008b800000|100%| O|  |TS  3|AC  0|TAMS 0x000000008b700000, 0x000000008b700000|
|  44|0x000000008b800000, 0x000000008b900000, 0x000000008b900000|100%| O|  |TS  3|AC  0|TAMS 0x000000008b800000, 0x000000008b800000|
|  45|0x000000008b900000, 0x000000008ba00000, 0x000000008ba00000|100%| O|  |TS  6|AC  0|TAMS 0x000000008b900000, 0x000000008b900000|
|  46|0x000000008ba00000, 0x000000008bb00000, 0x000000008bb00000|100%| O|  |TS  6|AC  0|TAMS 0x000000008ba00000, 0x000000008ba00000|
|  47|0x000000008bb00000, 0x000000008bbf7a00, 0x000000008bc00000| 96%| O|  |TS  6|AC  0|TAMS 0x000000008bb00000, 0x000000008bb00000|
|  48|0x000000008bc00000, 0x000000008bc00000, 0x000000008bd00000|  0%| F|  |TS  0|AC  0|TAMS 0x000000008bc00000, 0x000000008bc00000|
|  49|0x000000008bd00000, 0x000000008bd00000, 0x000000008be00000|  0%| F|  |TS  0|AC  0|TAMS 0x000000008bd00000, 0x000000008bd00000|
|  50|0x000000008be00000, 0x000000008be00000, 0x000000008bf00000|  0%| F|  |TS  0|AC  0|TAMS 0x000000008be00000, 0x000000008be00000|
|  51|0x000000008bf00000, 0x000000008bf00000, 0x000000008c000000|  0%| F|  |TS  0|AC  0|TAMS 0x000000008bf00000, 0x000000008bf00000|
|  52|0x000000008c000000, 0x000000008c000000, 0x000000008c100000|  0%| F|  |TS  0|AC  0|TAMS 0x000000008c000000, 0x000000008c000000|
|  53|0x000000008c100000, 0x000000008c100000, 0x000000008c200000|  0%| F|  |TS  2|AC  0|TAMS 0x000000008c100000, 0x000000008c100000|
|  54|0x000000008c200000, 0x000000008c200000, 0x000000008c300000|  0%| F|  |TS  2|AC  0|TAMS 0x000000008c200000, 0x000000008c200000|
|  55|0x000000008c300000, 0x000000008c300000, 0x000000008c400000|  0%| F|  |TS  2|AC  0|TAMS 0x000000008c300000, 0x000000008c300000|
|  56|0x000000008c400000, 0x000000008c400000, 0x000000008c500000|  0%| F|  |TS  2|AC  0|TAMS 0x000000008c400000, 0x000000008c400000|
|  57|0x000000008c500000, 0x000000008c500000, 0x000000008c600000|  0%| F|  |TS  2|AC  0|TAMS 0x000000008c500000, 0x000000008c500000|
|  58|0x000000008c600000, 0x000000008c600000, 0x000000008c700000|  0%| F|  |TS  2|AC  0|TAMS 0x000000008c600000, 0x000000008c600000|
|  59|0x000000008c700000, 0x000000008c700000, 0x000000008c800000|  0%| F|  |TS  2|AC  0|TAMS 0x000000008c700000, 0x000000008c700000|
|  60|0x000000008c800000, 0x000000008c800000, 0x000000008c900000|  0%| F|  |TS  2|AC  0|TAMS 0x000000008c800000, 0x000000008c800000|
|  61|0x000000008c900000, 0x000000008c900000, 0x000000008ca00000|  0%| F|  |TS  1|AC  0|TAMS 0x000000008c900000, 0x000000008c900000|
|  62|0x000000008ca00000, 0x000000008ca00000, 0x000000008cb00000|  0%| F|  |TS  1|AC  0|TAMS 0x000000008ca00000, 0x000000008ca00000|
|  63|0x000000008cb00000, 0x000000008cb00000, 0x000000008cc00000|  0%| F|  |TS  1|AC  0|TAMS 0x000000008cb00000, 0x000000008cb00000|
|  64|0x000000008cc00000, 0x000000008cc00000, 0x000000008cd00000|  0%| F|  |TS  1|AC  0|TAMS 0x000000008cc00000, 0x000000008cc00000|
|  65|0x000000008cd00000, 0x000000008cd00000, 0x000000008ce00000|  0%| F|  |TS  1|AC  0|TAMS 0x000000008cd00000, 0x000000008cd00000|
|  66|0x000000008ce00000, 0x000000008ce00000, 0x000000008cf00000|  0%| F|  |TS  1|AC  0|TAMS 0x000000008ce00000, 0x000000008ce00000|
|  67|0x000000008cf00000, 0x000000008cf00000, 0x000000008d000000|  0%| F|  |TS  1|AC  0|TAMS 0x000000008cf00000, 0x000000008cf00000|
|  68|0x000000008d000000, 0x000000008d000000, 0x000000008d100000|  0%| F|  |TS  1|AC  0|TAMS 0x000000008d000000, 0x000000008d000000|
|  69|0x000000008d100000, 0x000000008d100000, 0x000000008d200000|  0%| F|  |TS  1|AC  0|TAMS 0x000000008d100000, 0x000000008d100000|
|  70|0x000000008d200000, 0x000000008d200000, 0x000000008d300000|  0%| F|  |TS  1|AC  0|TAMS 0x000000008d200000, 0x000000008d200000|
|  71|0x000000008d300000, 0x000000008d300000, 0x000000008d400000|  0%| F|  |TS  1|AC  0|TAMS 0x000000008d300000, 0x000000008d300000|
|  72|0x000000008d400000, 0x000000008d400000, 0x000000008d500000|  0%| F|  |TS  1|AC  0|TAMS 0x000000008d400000, 0x000000008d400000|
|  73|0x000000008d500000, 0x000000008d500000, 0x000000008d600000|  0%| F|  |TS  3|AC  0|TAMS 0x000000008d500000, 0x000000008d500000|
|  74|0x000000008d600000, 0x000000008d600000, 0x000000008d700000|  0%| F|  |TS  3|AC  0|TAMS 0x000000008d600000, 0x000000008d600000|
|  75|0x000000008d700000, 0x000000008d700000, 0x000000008d800000|  0%| F|  |TS  3|AC  0|TAMS 0x000000008d700000, 0x000000008d700000|
|  76|0x000000008d800000, 0x000000008d800000, 0x000000008d900000|  0%| F|  |TS  3|AC  0|TAMS 0x000000008d800000, 0x000000008d800000|
|  77|0x000000008d900000, 0x000000008d900000, 0x000000008da00000|  0%| F|  |TS  3|AC  0|TAMS 0x000000008d900000, 0x000000008d900000|
|  78|0x000000008da00000, 0x000000008da00000, 0x000000008db00000|  0%| F|  |TS  2|AC  0|TAMS 0x000000008da00000, 0x000000008da00000|
|  79|0x000000008db00000, 0x000000008db8e950, 0x000000008dc00000| 55%| S|CS|TS  6|AC  0|TAMS 0x000000008db00000, 0x000000008db00000|
|  80|0x000000008dc00000, 0x000000008dd00000, 0x000000008dd00000|100%| S|CS|TS  6|AC  0|TAMS 0x000000008dc00000, 0x000000008dc00000|
|  81|0x000000008dd00000, 0x000000008dd00000, 0x000000008de00000|  0%| F|  |TS  6|AC  0|TAMS 0x000000008dd00000, 0x000000008dd00000|
|  82|0x000000008de00000, 0x000000008de00000, 0x000000008df00000|  0%| F|  |TS  6|AC  0|TAMS 0x000000008de00000, 0x000000008de00000|
|  83|0x000000008df00000, 0x000000008df00000, 0x000000008e000000|  0%| F|  |TS  6|AC  0|TAMS 0x000000008df00000, 0x000000008df00000|
|  84|0x000000008e000000, 0x000000008e000000, 0x000000008e100000|  0%| F|  |TS  6|AC  0|TAMS 0x000000008e000000, 0x000000008e000000|
|  85|0x000000008e100000, 0x000000008e100000, 0x000000008e200000|  0%| F|  |TS  6|AC  0|TAMS 0x000000008e100000, 0x000000008e100000|
|  86|0x000000008e200000, 0x000000008e300000, 0x000000008e300000|100%| S|CS|TS  6|AC  0|TAMS 0x000000008e200000, 0x000000008e200000|
|  87|0x000000008e300000, 0x000000008e400000, 0x000000008e400000|100%| S|CS|TS  6|AC  0|TAMS 0x000000008e300000, 0x000000008e300000|
|  88|0x000000008e400000, 0x000000008e400000, 0x000000008e500000|  0%| F|  |TS  6|AC  0|TAMS 0x000000008e400000, 0x000000008e400000|
|  89|0x000000008e500000, 0x000000008e500000, 0x000000008e600000|  0%| F|  |TS  6|AC  0|TAMS 0x000000008e500000, 0x000000008e500000|
|  90|0x000000008e600000, 0x000000008e600000, 0x000000008e700000|  0%| F|  |TS  6|AC  0|TAMS 0x000000008e600000, 0x000000008e600000|
|  91|0x000000008e700000, 0x000000008e700000, 0x000000008e800000|  0%| F|  |TS  6|AC  0|TAMS 0x000000008e700000, 0x000000008e700000|
|  92|0x000000008e800000, 0x000000008e800000, 0x000000008e900000|  0%| F|  |TS  6|AC  0|TAMS 0x000000008e800000, 0x000000008e800000|
|  93|0x000000008e900000, 0x000000008e95a620, 0x000000008ea00000| 35%| E|  |TS  6|AC  0|TAMS 0x000000008e900000, 0x000000008e900000|
|  94|0x000000008ea00000, 0x000000008eb00000, 0x000000008eb00000|100%| E|CS|TS  6|AC  0|TAMS 0x000000008ea00000, 0x000000008ea00000|
|  95|0x000000008eb00000, 0x000000008ec00000, 0x000000008ec00000|100%| E|CS|TS  6|AC  0|TAMS 0x000000008eb00000, 0x000000008eb00000|
|  96|0x000000008ec00000, 0x000000008ed00000, 0x000000008ed00000|100%| E|CS|TS  6|AC  0|TAMS 0x000000008ec00000, 0x000000008ec00000|
|  97|0x000000008ed00000, 0x000000008ee00000, 0x000000008ee00000|100%| E|CS|TS  6|AC  0|TAMS 0x000000008ed00000, 0x000000008ed00000|
|  98|0x000000008ee00000, 0x000000008ef00000, 0x000000008ef00000|100%| E|CS|TS  6|AC  0|TAMS 0x000000008ee00000, 0x000000008ee00000|
|  99|0x000000008ef00000, 0x000000008f000000, 0x000000008f000000|100%| E|CS|TS  6|AC  0|TAMS 0x000000008ef00000, 0x000000008ef00000|
| 100|0x000000008f000000, 0x000000008f100000, 0x000000008f100000|100%| E|CS|TS  6|AC  0|TAMS 0x000000008f000000, 0x000000008f000000|
| 101|0x000000008f100000, 0x000000008f200000, 0x000000008f200000|100%| E|CS|TS  6|AC  0|TAMS 0x000000008f100000, 0x000000008f100000|
| 102|0x000000008f200000, 0x000000008f300000, 0x000000008f300000|100%| E|CS|TS  6|AC  0|TAMS 0x000000008f200000, 0x000000008f200000|
| 103|0x000000008f300000, 0x000000008f400000, 0x000000008f400000|100%| E|CS|TS  6|AC  0|TAMS 0x000000008f300000, 0x000000008f300000|
| 104|0x000000008f400000, 0x000000008f500000, 0x000000008f500000|100%| E|CS|TS  6|AC  0|TAMS 0x000000008f400000, 0x000000008f400000|
| 105|0x000000008f500000, 0x000000008f600000, 0x000000008f600000|100%| E|CS|TS  6|AC  0|TAMS 0x000000008f500000, 0x000000008f500000|
| 106|0x000000008f600000, 0x000000008f700000, 0x000000008f700000|100%| E|CS|TS  6|AC  0|TAMS 0x000000008f600000, 0x000000008f600000|
| 107|0x000000008f700000, 0x000000008f800000, 0x000000008f800000|100%| E|CS|TS  6|AC  0|TAMS 0x000000008f700000, 0x000000008f700000|
| 108|0x000000008f800000, 0x000000008f900000, 0x000000008f900000|100%| E|CS|TS  6|AC  0|TAMS 0x000000008f800000, 0x000000008f800000|
| 109|0x000000008f900000, 0x000000008fa00000, 0x000000008fa00000|100%| E|CS|TS  6|AC  0|TAMS 0x000000008f900000, 0x000000008f900000|
| 110|0x000000008fa00000, 0x000000008fb00000, 0x000000008fb00000|100%| E|CS|TS  6|AC  0|TAMS 0x000000008fa00000, 0x000000008fa00000|
| 111|0x000000008fb00000, 0x000000008fc00000, 0x000000008fc00000|100%| E|CS|TS  6|AC  0|TAMS 0x000000008fb00000, 0x000000008fb00000|
| 112|0x000000008fc00000, 0x000000008fd00000, 0x000000008fd00000|100%| E|CS|TS  6|AC  0|TAMS 0x000000008fc00000, 0x000000008fc00000|
| 113|0x000000008fd00000, 0x000000008fe00000, 0x000000008fe00000|100%| E|CS|TS  6|AC  0|TAMS 0x000000008fd00000, 0x000000008fd00000|
| 114|0x000000008fe00000, 0x000000008ff00000, 0x000000008ff00000|100%| E|CS|TS  6|AC  0|TAMS 0x000000008fe00000, 0x000000008fe00000|
| 115|0x000000008ff00000, 0x0000000090000000, 0x0000000090000000|100%| E|CS|TS  6|AC  0|TAMS 0x000000008ff00000, 0x000000008ff00000|
| 116|0x0000000090000000, 0x0000000090100000, 0x0000000090100000|100%| E|CS|TS  6|AC  0|TAMS 0x0000000090000000, 0x0000000090000000|
| 117|0x0000000090100000, 0x0000000090200000, 0x0000000090200000|100%| E|CS|TS  6|AC  0|TAMS 0x0000000090100000, 0x0000000090100000|
| 118|0x0000000090200000, 0x0000000090300000, 0x0000000090300000|100%| E|CS|TS  6|AC  0|TAMS 0x0000000090200000, 0x0000000090200000|
| 119|0x0000000090300000, 0x0000000090400000, 0x0000000090400000|100%| E|CS|TS  6|AC  0|TAMS 0x0000000090300000, 0x0000000090300000|
| 120|0x0000000090400000, 0x0000000090500000, 0x0000000090500000|100%| E|CS|TS  6|AC  0|TAMS 0x0000000090400000, 0x0000000090400000|
| 121|0x0000000090500000, 0x0000000090600000, 0x0000000090600000|100%| E|CS|TS  6|AC  0|TAMS 0x0000000090500000, 0x0000000090500000|
| 122|0x0000000090600000, 0x0000000090700000, 0x0000000090700000|100%| E|CS|TS  6|AC  0|TAMS 0x0000000090600000, 0x0000000090600000|
| 123|0x0000000090700000, 0x0000000090800000, 0x0000000090800000|100%| E|CS|TS  6|AC  0|TAMS 0x0000000090700000, 0x0000000090700000|
| 124|0x0000000090800000, 0x0000000090900000, 0x0000000090900000|100%| E|CS|TS  6|AC  0|TAMS 0x0000000090800000, 0x0000000090800000|
| 125|0x0000000090900000, 0x0000000090a00000, 0x0000000090a00000|100%| E|CS|TS  6|AC  0|TAMS 0x0000000090900000, 0x0000000090900000|
| 126|0x0000000090a00000, 0x0000000090b00000, 0x0000000090b00000|100%| E|CS|TS  6|AC  0|TAMS 0x0000000090a00000, 0x0000000090a00000|
| 127|0x0000000090b00000, 0x0000000090c00000, 0x0000000090c00000|100%| E|CS|TS  6|AC  0|TAMS 0x0000000090b00000, 0x0000000090b00000|
| 128|0x0000000090c00000, 0x0000000090d00000, 0x0000000090d00000|100%| E|CS|TS  6|AC  0|TAMS 0x0000000090c00000, 0x0000000090c00000|
| 129|0x0000000090d00000, 0x0000000090e00000, 0x0000000090e00000|100%| E|CS|TS  6|AC  0|TAMS 0x0000000090d00000, 0x0000000090d00000|
| 130|0x0000000090e00000, 0x0000000090f00000, 0x0000000090f00000|100%| E|CS|TS  6|AC  0|TAMS 0x0000000090e00000, 0x0000000090e00000|
| 131|0x0000000090f00000, 0x0000000091000000, 0x0000000091000000|100%| E|CS|TS  6|AC  0|TAMS 0x0000000090f00000, 0x0000000090f00000|
| 132|0x0000000091000000, 0x0000000091100000, 0x0000000091100000|100%| E|CS|TS  6|AC  0|TAMS 0x0000000091000000, 0x0000000091000000|
| 133|0x0000000091100000, 0x0000000091200000, 0x0000000091200000|100%| E|CS|TS  6|AC  0|TAMS 0x0000000091100000, 0x0000000091100000|
| 134|0x0000000091200000, 0x0000000091300000, 0x0000000091300000|100%| E|CS|TS  6|AC  0|TAMS 0x0000000091200000, 0x0000000091200000|
| 135|0x0000000091300000, 0x0000000091400000, 0x0000000091400000|100%| E|CS|TS  6|AC  0|TAMS 0x0000000091300000, 0x0000000091300000|
| 136|0x0000000091400000, 0x0000000091500000, 0x0000000091500000|100%| E|CS|TS  6|AC  0|TAMS 0x0000000091400000, 0x0000000091400000|
| 137|0x0000000091500000, 0x0000000091600000, 0x0000000091600000|100%| E|CS|TS  6|AC  0|TAMS 0x0000000091500000, 0x0000000091500000|
| 138|0x0000000091600000, 0x0000000091700000, 0x0000000091700000|100%| E|CS|TS  6|AC  0|TAMS 0x0000000091600000, 0x0000000091600000|
| 139|0x0000000091700000, 0x0000000091800000, 0x0000000091800000|100%| E|CS|TS  6|AC  0|TAMS 0x0000000091700000, 0x0000000091700000|
| 140|0x0000000091800000, 0x0000000091900000, 0x0000000091900000|100%| E|CS|TS  6|AC  0|TAMS 0x0000000091800000, 0x0000000091800000|
| 141|0x0000000091900000, 0x0000000091a00000, 0x0000000091a00000|100%| E|CS|TS  6|AC  0|TAMS 0x0000000091900000, 0x0000000091900000|
| 142|0x0000000091a00000, 0x0000000091b00000, 0x0000000091b00000|100%| E|CS|TS  6|AC  0|TAMS 0x0000000091a00000, 0x0000000091a00000|
| 143|0x0000000091b00000, 0x0000000091c00000, 0x0000000091c00000|100%| E|CS|TS  6|AC  0|TAMS 0x0000000091b00000, 0x0000000091b00000|

Card table byte_map: [0x00000182331c0000,0x0000018233580000] byte_map_base: 0x0000018232d7a000

Marking Bits (Prev, Next): (CMBitMap*) 0x000001821b986ce0, (CMBitMap*) 0x000001821b986d18
 Prev Bits: [0x0000018233940000, 0x0000018235710000)
 Next Bits: [0x0000018235710000, 0x00000182374e0000)

Polling page: 0x000001821a0d0000

CodeHeap 'non-profiled nmethods': size=120064Kb used=6500Kb max_used=6500Kb free=113563Kb
 bounds [0x000001822b2a0000, 0x000001822b900000, 0x00000182327e0000]
CodeHeap 'profiled nmethods': size=120000Kb used=21117Kb max_used=21117Kb free=98882Kb
 bounds [0x0000018223d70000, 0x0000018225220000, 0x000001822b2a0000]
CodeHeap 'non-nmethods': size=5696Kb used=1202Kb max_used=1244Kb free=4493Kb
 bounds [0x00000182237e0000, 0x0000018223a50000, 0x0000018223d70000]
 total_blobs=12715 nmethods=8481 adapters=471
 compilation: enabled

Compilation events (10 events):
Event: 43.045 Thread 0x0000018239b94800 nmethod 9305 0x0000018225215290 code [0x00000182252157e0, 0x00000182252182f0]
Event: 43.047 Thread 0x0000018239b93800 9306       4       org.apache.maven.surefire.util.internal.StringUtils::digit (33 bytes)
Event: 43.049 Thread 0x0000018239b93800 nmethod 9306 0x000001822b409190 code [0x000001822b409320, 0x000001822b409378]
Event: 43.054 Thread 0x0000018239b94800 9307       3       sun.util.calendar.BaseCalendar::getFixedDate (324 bytes)
Event: 43.057 Thread 0x0000018239b94800 nmethod 9307 0x0000018225219310 code [0x0000018225219600, 0x000001822521ae10]
Event: 43.060 Thread 0x0000018239b94800 9308       3       java.util.concurrent.atomic.AtomicBoolean::get (13 bytes)
Event: 43.060 Thread 0x0000018239b94800 nmethod 9308 0x00000182247cb610 code [0x00000182247cb7c0, 0x00000182247cb978]
Event: 43.061 Thread 0x0000018239b94800 9309       3       org.apache.maven.surefire.util.internal.StringUtils::unescapeString (130 bytes)
Event: 43.063 Thread 0x0000018239b94800 nmethod 9309 0x000001822521b610 code [0x000001822521b8a0, 0x000001822521c610]
Event: 43.106 Thread 0x0000018239b8f000 9310       4       java.util.jar.JarFile::maybeInstantiateVerifier (112 bytes)

GC Heap History (10 events):
Event: 31.299 GC heap before
{Heap before GC invocations=12 (full 0):
 garbage-first heap   total 122880K, used 84711K [0x0000000088c00000, 0x0000000100000000)
  region size 1024K, 50 young (51200K), 8 survivors (8192K)
 Metaspace       used 40084K, capacity 41296K, committed 41776K, reserved 1087488K
  class space    used 4086K, capacity 4571K, committed 4656K, reserved 1048576K
}
Event: 31.332 GC heap after
{Heap after GC invocations=13 (full 0):
 garbage-first heap   total 147456K, used 46584K [0x0000000088c00000, 0x0000000100000000)
  region size 1024K, 5 young (5120K), 5 survivors (5120K)
 Metaspace       used 40084K, capacity 41296K, committed 41776K, reserved 1087488K
  class space    used 4086K, capacity 4571K, committed 4656K, reserved 1048576K
}
Event: 33.945 GC heap before
{Heap before GC invocations=13 (full 0):
 garbage-first heap   total 147456K, used 96760K [0x0000000088c00000, 0x0000000100000000)
  region size 1024K, 54 young (55296K), 5 survivors (5120K)
 Metaspace       used 41513K, capacity 42696K, committed 43056K, reserved 1087488K
  class space    used 4172K, capacity 4648K, committed 4656K, reserved 1048576K
}
Event: 33.968 GC heap after
{Heap after GC invocations=14 (full 0):
 garbage-first heap   total 147456K, used 49223K [0x0000000088c00000, 0x0000000100000000)
  region size 1024K, 3 young (3072K), 3 survivors (3072K)
 Metaspace       used 41513K, capacity 42696K, committed 43056K, reserved 1087488K
  class space    used 4172K, capacity 4648K, committed 4656K, reserved 1048576K
}
Event: 35.146 GC heap before
{Heap before GC invocations=14 (full 0):
 garbage-first heap   total 147456K, used 101447K [0x0000000088c00000, 0x0000000100000000)
  region size 1024K, 54 young (55296K), 3 survivors (3072K)
 Metaspace       used 41644K, capacity 42826K, committed 43056K, reserved 1087488K
  class space    used 4172K, capacity 4648K, committed 4656K, reserved 1048576K
}
Event: 35.161 GC heap after
{Heap after GC invocations=15 (full 0):
 garbage-first heap   total 147456K, used 49944K [0x0000000088c00000, 0x0000000100000000)
  region size 1024K, 4 young (4096K), 4 survivors (4096K)
 Metaspace       used 41644K, capacity 42826K, committed 43056K, reserved 1087488K
  class space    used 4172K, capacity 4648K, committed 4656K, reserved 1048576K
}
Event: 36.923 GC heap before
{Heap before GC invocations=15 (full 0):
 garbage-first heap   total 147456K, used 105240K [0x0000000088c00000, 0x0000000100000000)
  region size 1024K, 58 young (59392K), 4 survivors (4096K)
 Metaspace       used 41862K, capacity 43068K, committed 43440K, reserved 1087488K
  class space    used 4193K, capacity 4663K, committed 4784K, reserved 1048576K
}
Event: 36.940 GC heap after
{Heap after GC invocations=16 (full 0):
 garbage-first heap   total 147456K, used 51272K [0x0000000088c00000, 0x0000000100000000)
  region size 1024K, 5 young (5120K), 5 survivors (5120K)
 Metaspace       used 41862K, capacity 43068K, committed 43440K, reserved 1087488K
  class space    used 4193K, capacity 4663K, committed 4784K, reserved 1048576K
}
Event: 39.493 GC heap before
{Heap before GC invocations=16 (full 0):
 garbage-first heap   total 147456K, used 108616K [0x0000000088c00000, 0x0000000100000000)
  region size 1024K, 61 young (62464K), 5 survivors (5120K)
 Metaspace       used 42322K, capacity 43564K, committed 43952K, reserved 1089536K
  class space    used 4219K, capacity 4699K, committed 4784K, reserved 1048576K
}
Event: 39.515 GC heap after
{Heap after GC invocations=17 (full 0):
 garbage-first heap   total 147456K, used 52760K [0x0000000088c00000, 0x0000000100000000)
  region size 1024K, 4 young (4096K), 4 survivors (4096K)
 Metaspace       used 42322K, capacity 43564K, committed 43952K, reserved 1089536K
  class space    used 4219K, capacity 4699K, committed 4784K, reserved 1048576K
}

Deoptimization events (10 events):
Event: 41.311 Thread 0x000001823b028800 Uncommon trap: reason=class_check action=maybe_recompile pc=0x000001822b443d84 method=java.util.Collections$UnmodifiableMap$UnmodifiableEntrySet$UnmodifiableEntry.getValue()Ljava/lang/Object; @ 4 c2
Event: 41.311 Thread 0x000001823b028800 Uncommon trap: reason=class_check action=maybe_recompile pc=0x000001822b43768c method=java.util.Collections$UnmodifiableMap$UnmodifiableEntrySet$1.hasNext()Z @ 4 c2
Event: 41.311 Thread 0x000001823b028800 Uncommon trap: reason=class_check action=maybe_recompile pc=0x000001822b43c748 method=java.util.Collections$UnmodifiableMap$UnmodifiableEntrySet$1.next()Ljava/util/Map$Entry; @ 8 c2
Event: 41.311 Thread 0x000001823b028800 Uncommon trap: reason=class_check action=maybe_recompile pc=0x000001822b43cd04 method=java.util.Collections$UnmodifiableMap$UnmodifiableEntrySet$UnmodifiableEntry.getKey()Ljava/lang/Object; @ 4 c2
Event: 41.311 Thread 0x000001823b028800 Uncommon trap: reason=class_check action=maybe_recompile pc=0x000001822b443d84 method=java.util.Collections$UnmodifiableMap$UnmodifiableEntrySet$UnmodifiableEntry.getValue()Ljava/lang/Object; @ 4 c2
Event: 41.311 Thread 0x000001823b028800 Uncommon trap: reason=class_check action=maybe_recompile pc=0x000001822b43768c method=java.util.Collections$UnmodifiableMap$UnmodifiableEntrySet$1.hasNext()Z @ 4 c2
Event: 41.311 Thread 0x000001823b028800 Uncommon trap: reason=class_check action=maybe_recompile pc=0x000001822b43c748 method=java.util.Collections$UnmodifiableMap$UnmodifiableEntrySet$1.next()Ljava/util/Map$Entry; @ 8 c2
Event: 41.311 Thread 0x000001823b028800 Uncommon trap: reason=class_check action=maybe_recompile pc=0x000001822b43cd04 method=java.util.Collections$UnmodifiableMap$UnmodifiableEntrySet$UnmodifiableEntry.getKey()Ljava/lang/Object; @ 4 c2
Event: 41.311 Thread 0x000001823b028800 Uncommon trap: reason=class_check action=maybe_recompile pc=0x000001822b443d84 method=java.util.Collections$UnmodifiableMap$UnmodifiableEntrySet$UnmodifiableEntry.getValue()Ljava/lang/Object; @ 4 c2
Event: 43.008 Thread 0x000001823bf32000 Uncommon trap: reason=unstable_if action=reinterpret pc=0x000001822b5b72f0 method=java.io.BufferedReader.readLine(Z)Ljava/lang/String; @ 265 c2

Classes redefined (0 events):
No events

Internal exceptions (10 events):
Event: 38.169 Thread 0x000001823b028800 Exception <a 'sun/nio/fs/WindowsException'{0x000000008fc42948}> (0x000000008fc42948) thrown at [t:/workspace/open/src/hotspot/share/prims/jni.cpp, line 611]
Event: 38.186 Thread 0x000001823b028800 Exception <a 'sun/nio/fs/WindowsException'{0x000000008fca5008}> (0x000000008fca5008) thrown at [t:/workspace/open/src/hotspot/share/prims/jni.cpp, line 611]
Event: 38.311 Thread 0x000001823b028800 Exception <a 'sun/nio/fs/WindowsException'{0x000000008f4733e0}> (0x000000008f4733e0) thrown at [t:/workspace/open/src/hotspot/share/prims/jni.cpp, line 611]
Event: 40.108 Thread 0x000001823b028800 Exception <a 'java/lang/NoSuchMethodError'{0x00000000910bcd40}: org.apache.maven.execution.MavenExecutionRequest.getFailureBehavior()Ljava/lang/String;> (0x00000000910bcd40) thrown at [t:/workspace/open/src/hotspot/share/interpreter/linkResolver.cpp, line
Event: 40.198 Thread 0x000001823bf28800 Exception <a 'java/lang/NoSuchMethodError'{0x0000000090fc4a48}: method resolution failed> (0x0000000090fc4a48) thrown at [t:/workspace/open/src/hotspot/share/prims/methodHandles.cpp, line 1226]
Event: 40.199 Thread 0x000001823bf28800 Exception <a 'java/lang/NoSuchMethodError'{0x0000000090fc83a0}: java.lang.invoke.DirectMethodHandle$Holder.invokeStaticInit(Ljava/lang/Object;Ljava/lang/Object;JLjava/lang/Object;)Ljava/lang/Object;> (0x0000000090fc83a0) thrown at [t:/workspace/open/src/h
Event: 40.200 Thread 0x000001823bf28800 Exception <a 'java/lang/NoSuchMethodError'{0x0000000090fce3c0}: java.lang.invoke.DirectMethodHandle$Holder.invokeStatic(Ljava/lang/Object;Ljava/lang/Object;J)Ljava/lang/Object;> (0x0000000090fce3c0) thrown at [t:/workspace/open/src/hotspot/share/interpret
Event: 40.201 Thread 0x000001823bf28800 Exception <a 'java/lang/NoSuchMethodError'{0x0000000090fd19a0}: method resolution failed> (0x0000000090fd19a0) thrown at [t:/workspace/open/src/hotspot/share/prims/methodHandles.cpp, line 1226]
Event: 41.383 Thread 0x000001823b028800 Exception <a 'java/lang/NoSuchMethodError'{0x000000008eb75410}: java.lang.invoke.DirectMethodHandle$Holder.invokeStatic(Ljava/lang/Object;J)V> (0x000000008eb75410) thrown at [t:/workspace/open/src/hotspot/share/interpreter/linkResolver.cpp, line 741]
Event: 41.385 Thread 0x000001823b028800 Exception <a 'java/lang/NoSuchMethodError'{0x000000008eb7a3c8}: java.lang.invoke.DirectMethodHandle$Holder.invokeStatic(Ljava/lang/Object;J)Ljava/lang/Object;> (0x000000008eb7a3c8) thrown at [t:/workspace/open/src/hotspot/share/interpreter/linkResolver.cp

Events (10 events):
Event: 43.125 loading class org/apache/maven/surefire/shade/org/apache/commons/io/output/ByteArrayOutputStream
Event: 43.125 loading class org/apache/maven/surefire/shade/org/apache/commons/io/output/ByteArrayOutputStream done
Event: 43.125 loading class org/apache/maven/surefire/shade/org/apache/commons/io/output/ByteArrayOutputStream
Event: 43.125 loading class org/apache/maven/surefire/shade/org/apache/commons/io/output/ByteArrayOutputStream done
Event: 43.129 loading class org/apache/maven/surefire/shade/org/apache/commons/io/input/ClosedInputStream
Event: 43.129 loading class org/apache/maven/surefire/shade/org/apache/commons/io/input/ClosedInputStream done
Event: 43.129 loading class org/apache/maven/surefire/shade/org/apache/commons/io/input/ClosedInputStream
Event: 43.129 loading class org/apache/maven/surefire/shade/org/apache/commons/io/input/ClosedInputStream done
Event: 43.130 loading class java/io/SequenceInputStream
Event: 43.131 loading class java/io/SequenceInputStream done


Dynamic libraries:
0x00007ff672bb0000 - 0x00007ff672bee000 	C:\Users\emman\.agilitest\tools\jdk-10.0.2\bin\java.exe
0x00007ffe78490000 - 0x00007ffe78685000 	C:\WINDOWS\SYSTEM32\ntdll.dll
0x00007ffe775f0000 - 0x00007ffe776ad000 	C:\WINDOWS\System32\KERNEL32.DLL
0x00007ffe75c80000 - 0x00007ffe75f47000 	C:\WINDOWS\System32\KERNELBASE.dll
0x00007ffe76880000 - 0x00007ffe7692a000 	C:\WINDOWS\System32\ADVAPI32.dll
0x00007ffe76760000 - 0x00007ffe767fe000 	C:\WINDOWS\System32\msvcrt.dll
0x00007ffe76570000 - 0x00007ffe7660b000 	C:\WINDOWS\System32\sechost.dll
0x00007ffe77eb0000 - 0x00007ffe77fd3000 	C:\WINDOWS\System32\RPCRT4.dll
0x00007ffe77450000 - 0x00007ffe775f0000 	C:\WINDOWS\System32\USER32.dll
0x00007ffe75f50000 - 0x00007ffe75f72000 	C:\WINDOWS\System32\win32u.dll
0x00007ffe77fe0000 - 0x00007ffe7800a000 	C:\WINDOWS\System32\GDI32.dll
0x00007ffe76060000 - 0x00007ffe7616a000 	C:\WINDOWS\System32\gdi32full.dll
0x00007ffe75be0000 - 0x00007ffe75c7d000 	C:\WINDOWS\System32\msvcp_win.dll
0x00007ffe76400000 - 0x00007ffe76500000 	C:\WINDOWS\System32\ucrtbase.dll
0x00007ffe68ed0000 - 0x00007ffe6916a000 	C:\WINDOWS\WinSxS\amd64_microsoft.windows.common-controls_6595b64144ccf1df_6.0.19041.1_none_b555e41d4684ddec\COMCTL32.dll
0x00007ffe743f0000 - 0x00007ffe743fa000 	C:\WINDOWS\SYSTEM32\VERSION.dll
0x00007ffe78370000 - 0x00007ffe783a0000 	C:\WINDOWS\System32\IMM32.DLL
0x00007ffe549a0000 - 0x00007ffe54a8f000 	C:\Users\emman\.agilitest\tools\jdk-10.0.2\bin\msvcr120.dll
0x00007ffe542e0000 - 0x00007ffe54386000 	C:\Users\emman\.agilitest\tools\jdk-10.0.2\bin\msvcp120.dll
0x0000000059370000 - 0x0000000059de0000 	C:\Users\emman\.agilitest\tools\jdk-10.0.2\bin\server\jvm.dll
0x00007ffe76500000 - 0x00007ffe76508000 	C:\WINDOWS\System32\PSAPI.DLL
0x00007ffe6ce00000 - 0x00007ffe6ce27000 	C:\WINDOWS\SYSTEM32\WINMM.dll
0x00007ffe71610000 - 0x00007ffe71619000 	C:\WINDOWS\SYSTEM32\WSOCK32.dll
0x00007ffe76930000 - 0x00007ffe7699b000 	C:\WINDOWS\System32\WS2_32.dll
0x00007ffe71480000 - 0x00007ffe7148f000 	C:\Users\emman\.agilitest\tools\jdk-10.0.2\bin\verify.dll
0x00007ffe5eb40000 - 0x00007ffe5ed24000 	C:\WINDOWS\SYSTEM32\DBGHELP.DLL
0x00007ffe5eb10000 - 0x00007ffe5eb3c000 	C:\WINDOWS\SYSTEM32\dbgcore.DLL
0x00007ffe76170000 - 0x00007ffe761ef000 	C:\WINDOWS\System32\bcryptPrimitives.dll
0x00007ffe6f9e0000 - 0x00007ffe6fa07000 	C:\Users\emman\.agilitest\tools\jdk-10.0.2\bin\java.dll
0x00007ffe5aa30000 - 0x00007ffe5aa46000 	C:\Users\emman\.agilitest\tools\jdk-10.0.2\bin\zip.dll
0x00007ffe6ec20000 - 0x00007ffe6ec2a000 	C:\Users\emman\.agilitest\tools\jdk-10.0.2\bin\jimage.dll
0x00007ffe76d10000 - 0x00007ffe77450000 	C:\WINDOWS\System32\SHELL32.dll
0x00007ffe739b0000 - 0x00007ffe74141000 	C:\WINDOWS\SYSTEM32\windows.storage.dll
0x00007ffe78010000 - 0x00007ffe78363000 	C:\WINDOWS\System32\combase.dll
0x00007ffe755f0000 - 0x00007ffe7561c000 	C:\WINDOWS\SYSTEM32\Wldp.dll
0x00007ffe77740000 - 0x00007ffe777ee000 	C:\WINDOWS\System32\SHCORE.dll
0x00007ffe76a00000 - 0x00007ffe76a55000 	C:\WINDOWS\System32\shlwapi.dll
0x00007ffe75b20000 - 0x00007ffe75b3f000 	C:\WINDOWS\SYSTEM32\profapi.dll
0x00007ffe58f50000 - 0x00007ffe58f6a000 	C:\Users\emman\.agilitest\tools\jdk-10.0.2\bin\net.dll
0x00007ffe6aa50000 - 0x00007ffe6ab50000 	C:\WINDOWS\SYSTEM32\WINHTTP.dll
0x00007ffe75310000 - 0x00007ffe7537a000 	C:\WINDOWS\system32\mswsock.dll
0x00007ffe55b00000 - 0x00007ffe55b11000 	C:\Users\emman\.agilitest\tools\jdk-10.0.2\bin\nio.dll
0x00007ffe490f0000 - 0x00007ffe4928b000 	C:\Users\emman\.agilitest\tools\jdk-10.0.2\bin\awt.dll
0x00007ffe76610000 - 0x00007ffe766dd000 	C:\WINDOWS\System32\OLEAUT32.dll
0x00007ffe71fa0000 - 0x00007ffe72560000 	C:\WINDOWS\SYSTEM32\d2d1.dll
0x00007ffe73180000 - 0x00007ffe73210000 	C:\WINDOWS\SYSTEM32\apphelp.dll
0x00007ffe74950000 - 0x00007ffe74983000 	C:\WINDOWS\SYSTEM32\ntmarta.dll
0x00007ffe754e0000 - 0x00007ffe754f8000 	C:\WINDOWS\SYSTEM32\CRYPTSP.dll
0x00007ffe74ca0000 - 0x00007ffe74cd4000 	C:\WINDOWS\system32\rsaenh.dll
0x00007ffe75f80000 - 0x00007ffe75fa7000 	C:\WINDOWS\System32\bcrypt.dll
0x00007ffe75aa0000 - 0x00007ffe75ace000 	C:\WINDOWS\SYSTEM32\USERENV.dll
0x00007ffe75500000 - 0x00007ffe7550c000 	C:\WINDOWS\SYSTEM32\CRYPTBASE.dll
0x00007ffe75000000 - 0x00007ffe7503b000 	C:\WINDOWS\SYSTEM32\IPHLPAPI.DLL
0x00007ffe76c10000 - 0x00007ffe76c19000 	C:\WINDOWS\System32\NSI.dll
0x00007ffe6ac20000 - 0x00007ffe6ac37000 	C:\WINDOWS\SYSTEM32\dhcpcsvc6.DLL
0x00007ffe6ae90000 - 0x00007ffe6aead000 	C:\WINDOWS\SYSTEM32\dhcpcsvc.DLL
0x00007ffe75040000 - 0x00007ffe7510a000 	C:\WINDOWS\SYSTEM32\DNSAPI.dll

dbghelp: loaded successfully - version: 4.0.5 - missing functions: none
symbol engine: initialized successfully - sym options: 0x614 - pdb path: .;C:\Users\emman\.agilitest\tools\jdk-10.0.2\bin;C:\WINDOWS\SYSTEM32;C:\WINDOWS\WinSxS\amd64_microsoft.windows.common-controls_6595b64144ccf1df_6.0.19041.1_none_b555e41d4684ddec;C:\Users\emman\.agilitest\tools\jdk-10.0.2\bin\server

VM Arguments:
java_command: jenkins.maven3.agent.Maven35Main C:\Users\emman\.agilitest\tools\apache-maven-3.6.1 C:\Users\emman\.agilitest\work\jenkins\war\WEB-INF\lib\remoting-4.2.1.jar C:\Users\emman\.agilitest\work\jenkins\plugins\maven-plugin\WEB-INF\lib\maven35-interceptor-1.13.jar C:\Users\emman\.agilitest\work\jenkins\plugins\maven-plugin\WEB-INF\lib\maven3-interceptor-commons-1.13.jar 54572
java_class_path (initial): C:\Users\emman\.agilitest\work\jenkins\plugins\maven-plugin\WEB-INF\lib\maven35-agent-1.13.jar;C:\Users\emman\.agilitest\tools\apache-maven-3.6.1\boot\plexus-classworlds-2.6.0.jar;C:\Users\emman\.agilitest\tools\apache-maven-3.6.1/conf/logging
Launcher Type: SUN_STANDARD

Logging:
Log output configuration:
#0: stdout all=warning uptime,level,tags
#1: stderr all=off uptime,level,tags

Environment Variables:
JAVA_HOME=C:\Users\emman\.agilitest\tools\jdk-10.0.2
PATH=C:\Users\emman\.agilitest\tools\apache-maven-3.6.1/bin;C:\Users\emman\.agilitest\tools\jdk-10.0.2/bin;C:\WINDOWS\system32;C:\WINDOWS;C:\WINDOWS\System32\Wbem;C:\WINDOWS\System32\WindowsPowerShell\v1.0\;C:\WINDOWS\System32\OpenSSH\;C:\Users\emman\utilitaires\fop-2.3;C:\Users\emman\.agilitest\tools\jdk-10.0.2\bin;C:\Program Files\Git\cmd;C:\Users\emman\AppData\Local\Programs\Python\Python38-32\Scripts\;C:\Users\emman\AppData\Local\Programs\Python\Python38-32\;C:\Users\emman\AppData\Local\Microsoft\WindowsApps;C:\Users\emman\AppData\Local\GitHubDesktop\bin;C:\Users\emman\AppData\Local\Microsoft\WindowsApps;C:\Users\emman\.agilitest\tools\jdk-10.0.2;
USERNAME=DUPERRAY_Test
OS=Windows_NT
PROCESSOR_IDENTIFIER=AMD64 Family 21 Model 101 Stepping 1, AuthenticAMD



---------------  S Y S T E M  ---------------

OS: Windows 10 , 64 bit Build 19041 (10.0.19041.292)

CPU:total 4 (initial active 4) (4 cores per cpu, 1 threads per core) family 21 model 101 stepping 1, cmov, cx8, fxsr, mmx, sse, sse2, sse3, ssse3, sse4.1, sse4.2, popcnt, avx, avx2, aes, clmul, mmxext, 3dnowpref, lzcnt, sse4a, tsc, tscinvbit, tscinv, bmi1, bmi2, fma

Memory: 4k page, physical 7810572k(331252k free), swap 31927820k(24k free)

vm_info: Java HotSpot(TM) 64-Bit Server VM (10.0.2+13) for windows-amd64 JRE (10.0.2+13), built on Jun 28 2018 01:57:56 by "mach5one" with MS VC++ 12.0 (VS2013)

END.
